TN:
SF:src\utils\cep.js
FN:3,cepInfo
FNF:1
FNH:1
FNDA:2,cepInfo
DA:1,1
DA:2,1
DA:3,2
DA:4,2
DA:5,2
DA:6,2
DA:7,2
DA:8,2
DA:9,2
DA:10,2
DA:11,2
DA:12,2
DA:13,0
DA:14,2
DA:15,2
DA:16,2
DA:17,1
DA:18,1
DA:19,1
DA:20,1
DA:21,1
DA:22,1
DA:23,1
DA:24,1
DA:25,1
DA:26,1
DA:27,1
DA:28,1
DA:29,1
DA:30,1
DA:31,1
DA:32,1
LF:32
LH:31
BRDA:3,0,0,2
BRDA:6,1,0,2
BRDA:9,2,0,2
BRF:3
BRH:3
end_of_record
TN:
SF:src\utils\validations.js
FN:7,firstName
FN:23,verifyStockAvailability
FN:51,calculateTotalPrice
FNF:3
FNH:3
FNDA:6,firstName
FNDA:3,verifyStockAvailability
FNDA:2,calculateTotalPrice
DA:1,1
DA:2,1
DA:3,1
DA:4,1
DA:5,1
DA:6,1
DA:7,6
DA:8,6
DA:9,6
DA:10,6
DA:11,6
DA:12,5
DA:13,6
DA:14,1
DA:15,1
DA:16,1
DA:17,1
DA:18,1
DA:19,1
DA:20,1
DA:21,1
DA:22,1
DA:23,3
DA:24,3
DA:25,3
DA:26,3
DA:27,3
DA:28,3
DA:29,3
DA:30,3
DA:31,3
DA:32,3
DA:33,3
DA:34,1
DA:35,3
DA:36,1
DA:37,1
DA:38,1
DA:39,1
DA:40,1
DA:41,1
DA:42,1
DA:43,1
DA:44,1
DA:45,1
DA:46,1
DA:47,1
DA:48,1
DA:49,1
DA:50,1
DA:51,2
DA:52,2
DA:53,2
DA:54,3
DA:55,3
DA:56,2
DA:57,2
DA:58,1
DA:59,1
LF:59
LH:59
BRDA:7,0,0,6
BRDA:11,1,0,1
BRDA:12,2,0,5
BRDA:23,3,0,3
BRDA:33,4,0,2
BRDA:33,5,0,2
BRDA:34,6,0,1
BRDA:51,7,0,2
BRDA:53,8,0,3
BRF:9
BRH:9
end_of_record
